<?xml version="1.0" encoding="UTF-8"?>
<testng-results ignored="3" total="5" passed="2" failed="0" skipped="0">
  <reporter-output>
  </reporter-output>
  <suite started-at="2021-09-22T12:43:07Z" name="Suite" finished-at="2021-09-22T12:43:07Z" duration-ms="83">
    <groups>
      <group name="smoketest">
        <method signature="OrgTest.createcontactTest()[pri:0, instance:com.comcast.contact.OrgTest@f99f5e0]" name="createcontactTest" class="com.comcast.contact.OrgTest"/>
        <method signature="OrgTest.createcontactwithTest()[pri:0, instance:com.comcast.contact.OrgTest@f99f5e0]" name="createcontactwithTest" class="com.comcast.contact.OrgTest"/>
      </group> <!-- smoketest -->
    </groups>
    <test started-at="2021-09-22T12:43:07Z" name="Test" finished-at="2021-09-22T12:43:07Z" duration-ms="83">
      <class name="com.comcast.contact.OrgTest">
        <test-method signature="createcontactTest()[pri:0, instance:com.comcast.contact.OrgTest@f99f5e0]" started-at="2021-09-22T12:43:07Z" name="createcontactTest" finished-at="2021-09-22T12:43:07Z" duration-ms="19" status="PASS">
          <reporter-output>
          </reporter-output>
        </test-method> <!-- createcontactTest -->
        <test-method signature="createcontactwithTest()[pri:0, instance:com.comcast.contact.OrgTest@f99f5e0]" started-at="2021-09-22T12:43:07Z" name="createcontactwithTest" finished-at="2021-09-22T12:43:07Z" duration-ms="2" status="PASS">
          <reporter-output>
          </reporter-output>
        </test-method> <!-- createcontactwithTest -->
      </class> <!-- com.comcast.contact.OrgTest -->
    </test> <!-- Test -->
  </suite> <!-- Suite -->
</testng-results>
