<?xml version="1.0" encoding="UTF-8"?>
<!-- Generated by org.testng.reporters.JUnitXMLReporter -->
<testsuite ignored="0" hostname="DESKTOP-1RHU1NU" failures="0" tests="5" name="Default test" time="0.122" errors="0" timestamp="22 Sep 2021 12:42:13 GMT">
  <testcase classname="com.comcast.contact.OrgTest" name="contactTest" time="0.016"/>
  <testcase classname="com.comcast.contact.OrgTest" name="createcontactTest" time="0.002"/>
  <testcase classname="com.comcast.contact.OrgTest" name="createcontactwithTest" time="0.001"/>
  <testcase classname="com.comcast.contact.OrgTest" name="deletecreatecontactTest" time="0.009"/>
  <testcase classname="com.comcast.contact.OrgTest" name="deploycontactTest" time="0.008"/>
</testsuite> <!-- Default test -->
