<?xml version="1.0" encoding="UTF-8"?>
<!-- Generated by org.testng.reporters.JUnitXMLReporter -->
<testsuite ignored="3" hostname="DESKTOP-1RHU1NU" failures="0" tests="2" name="Test" time="0.083" errors="0" timestamp="22 Sep 2021 12:43:08 GMT">
  <testcase classname="com.comcast.contact.OrgTest" name="createcontactTest" time="0.019"/>
  <testcase classname="com.comcast.contact.OrgTest" name="createcontactwithTest" time="0.002"/>
  <testcase classname="com.comcast.contact.OrgTest" name="deploycontactTest" time="0.0">
    <ignored/>
  </testcase> <!-- deploycontactTest -->
  <testcase classname="com.comcast.contact.OrgTest" name="contactTest" time="0.0">
    <ignored/>
  </testcase> <!-- contactTest -->
  <testcase classname="com.comcast.contact.OrgTest" name="deletecreatecontactTest" time="0.0">
    <ignored/>
  </testcase> <!-- deletecreatecontactTest -->
</testsuite> <!-- Test -->
